<?xml version="1.0" encoding="UTF-8"?>
<!-- Generated by org.testng.reporters.JUnitReportReporter -->
<testsuite hostname="DESKTOP-7K7BD1Q" failures="0" tests="3" name="com.Internet_Banking_TestCases.Login_TestCase" time="20.770" errors="0" timestamp="2024-09-13T15:38:08 IST" skipped="0">
  <testcase classname="com.Internet_Banking_TestCases.Login_TestCase" name="loginPageTitleTestValidate" time="5.943"/>
  <testcase classname="com.Internet_Banking_TestCases.Login_TestCase" name="pageLogo" time="5.106"/>
  <testcase classname="com.Internet_Banking_TestCases.Login_TestCase" name="enterCredentials" time="9.721"/>
</testsuite> <!-- com.Internet_Banking_TestCases.Login_TestCase -->
