<?xml version="1.0" encoding="UTF-8"?>
<!-- Generated by org.testng.reporters.JUnitReportReporter -->
<testsuite hostname="DESKTOP-7K7BD1Q" failures="0" tests="3" name="com.Internet_Banking_TestCases.New_Customer_TestCases" time="28.637" errors="0" timestamp="2024-09-13T15:38:08 IST" skipped="0">
  <testcase classname="com.Internet_Banking_TestCases.New_Customer_TestCases" name="pageTextLabel" time="8.897"/>
  <testcase classname="com.Internet_Banking_TestCases.New_Customer_TestCases" name="navigateToNewCustomer" time="9.023"/>
  <testcase classname="com.Internet_Banking_TestCases.New_Customer_TestCases" name="enterDetails" time="10.717"/>
</testsuite> <!-- com.Internet_Banking_TestCases.New_Customer_TestCases -->
