<?xml version="1.0" encoding="UTF-8"?>
<!-- Generated by org.testng.reporters.JUnitReportReporter -->
<testsuite hostname="DESKTOP-7K7BD1Q" failures="0" tests="3" name="com.Internet_Banking_TestCases.Login_TestCase" time="29.231" errors="0" timestamp="2024-08-25T18:56:31 IST" skipped="0">
  <testcase classname="com.Internet_Banking_TestCases.Login_TestCase" name="loginPageTitleTestValidate" time="12.173"/>
  <testcase classname="com.Internet_Banking_TestCases.Login_TestCase" name="pageLogo" time="7.914"/>
  <testcase classname="com.Internet_Banking_TestCases.Login_TestCase" name="enterCredentials" time="9.144"/>
</testsuite> <!-- com.Internet_Banking_TestCases.Login_TestCase -->
