<?xml version="1.0" encoding="UTF-8"?>
<!-- Generated by org.testng.reporters.JUnitReportReporter -->
<testsuite hostname="DESKTOP-7K7BD1Q" failures="0" tests="2" name="com.Internet_Banking_TestCases.HomePage_TestCase" time="17.430" errors="0" timestamp="2024-09-13T15:38:08 IST" skipped="0">
  <testcase classname="com.Internet_Banking_TestCases.HomePage_TestCase" name="validateWelcomeText" time="8.565"/>
  <testcase classname="com.Internet_Banking_TestCases.HomePage_TestCase" name="clickonNewCustomer" time="8.865"/>
</testsuite> <!-- com.Internet_Banking_TestCases.HomePage_TestCase -->
